<?xml version="1.0" encoding="utf-8"?><testsuites name="pytest tests"><testsuite name="pytest" errors="0" failures="0" skipped="0" tests="7" time="1.955" timestamp="2026-07-02T18:46:20.013777+00:00" hostname="agent-env-94e67a88-1786-4f98-99bd-d5ff1cecb388"><testcase classname="tests.backend_test" name="test_root_returns_rabbitpay" time="0.256" /><testcase classname="tests.backend_test" name="test_create_lead_success" time="0.359" /><testcase classname="tests.backend_test" name="test_lead_invalid_email" time="0.204" /><testcase classname="tests.backend_test" name="test_lead_missing_name" time="0.156" /><testcase classname="tests.backend_test" name="test_lead_missing_email" time="0.152" /><testcase classname="tests.backend_test" name="test_lead_missing_brand" time="0.124" /><testcase classname="tests.backend_test" name="test_lead_empty_name_rejected" time="0.108" /></testsuite></testsuites>